TN:
SF:src\add.js
FN:16,(anonymous_0)
FNF:1
FNH:1
FNDA:21,(anonymous_0)
DA:16,21
LF:1
LH:1
BRF:0
BRH:0
end_of_record
TN:
SF:src\capitalize.js
FN:17,(anonymous_0)
FNF:1
FNH:1
FNDA:14,(anonymous_0)
DA:17,14
LF:1
LH:1
BRF:0
BRH:0
end_of_record
TN:
SF:src\ceil.js
FNF:0
FNH:0
DA:22,1
LF:1
LH:1
BRF:0
BRH:0
end_of_record
TN:
SF:src\clamp.js
FN:18,clamp
FNF:1
FNH:1
FNDA:11,clamp
DA:19,11
DA:20,11
DA:21,11
DA:22,11
DA:23,11
DA:24,11
DA:25,10
DA:26,10
DA:28,11
LF:9
LH:9
BRDA:22,0,0,10
BRDA:22,0,1,1
BRDA:23,1,0,11
BRDA:23,1,1,0
BRDA:24,2,0,10
BRDA:24,2,1,1
BRDA:25,3,0,4
BRDA:25,3,1,6
BRDA:26,4,0,0
BRDA:26,4,1,10
BRF:10
BRH:8
end_of_record
TN:
SF:src\defaultToAny.js
FN:28,defaultToAny
FNF:1
FNH:1
FNDA:10,defaultToAny
DA:29,10
LF:1
LH:1
BRF:0
BRH:0
end_of_record
TN:
SF:src\eq.js
FN:31,eq
FNF:1
FNH:1
FNDA:18,eq
DA:32,18
LF:1
LH:1
BRDA:32,0,0,18
BRDA:32,0,1,8
BRDA:32,0,2,1
BRF:3
BRH:3
end_of_record
TN:
SF:src\filter.js
FN:24,filter
FNF:1
FNH:1
FNDA:8,filter
DA:25,8
DA:26,8
DA:27,8
DA:28,8
DA:30,8
DA:31,18
DA:32,18
DA:33,10
DA:36,8
LF:9
LH:9
BRDA:27,0,0,2
BRDA:27,0,1,6
BRDA:32,1,0,10
BRDA:32,1,1,8
BRF:4
BRH:4
end_of_record
TN:
SF:src\isEmpty.js
FN:45,isEmpty
FNF:1
FNH:1
FNDA:21,isEmpty
DA:9,1
DA:46,21
DA:47,2
DA:49,19
DA:52,8
DA:54,11
DA:55,11
DA:56,4
DA:58,7
DA:59,1
DA:61,6
DA:62,1
DA:63,1
DA:66,5
LF:14
LH:14
BRDA:46,0,0,2
BRDA:46,0,1,19
BRDA:49,1,0,8
BRDA:49,1,1,11
BRDA:49,2,0,19
BRDA:49,2,1,8
BRDA:49,2,2,6
BRDA:49,2,3,4
BRDA:49,2,4,4
BRDA:49,2,5,4
BRDA:49,2,6,2
BRDA:55,3,0,4
BRDA:55,3,1,7
BRDA:55,4,0,11
BRDA:55,4,1,9
BRDA:58,5,0,1
BRDA:58,5,1,6
BRDA:62,6,0,1
BRDA:62,6,1,0
BRF:19
BRH:18
end_of_record
TN:
SF:src\reduce.js
FN:38,reduce
FNF:1
FNH:1
FNDA:10,reduce
DA:39,10
DA:40,10
DA:41,10
LF:3
LH:3
BRDA:39,0,0,8
BRDA:39,0,1,2
BRF:2
BRH:2
end_of_record
TN:
SF:src\toNumber.js
FN:44,toNumber
FNF:1
FNH:1
FNDA:20,toNumber
DA:5,1
DA:8,1
DA:11,1
DA:14,1
DA:17,1
DA:20,1
DA:45,20
DA:46,2
DA:48,18
DA:49,1
DA:51,17
DA:52,3
DA:53,3
DA:55,17
DA:56,5
DA:58,12
DA:59,12
DA:60,12
LF:18
LH:18
BRDA:45,0,0,2
BRDA:45,0,1,18
BRDA:48,1,0,1
BRDA:48,1,1,17
BRDA:51,2,0,3
BRDA:51,2,1,14
BRDA:52,3,0,3
BRDA:52,3,1,0
BRDA:53,4,0,2
BRDA:53,4,1,1
BRDA:55,5,0,5
BRDA:55,5,1,12
BRDA:56,6,0,0
BRDA:56,6,1,5
BRDA:60,7,0,4
BRDA:60,7,1,8
BRDA:60,8,0,12
BRDA:60,8,1,10
BRDA:61,9,0,2
BRDA:61,9,1,2
BRDA:62,10,0,2
BRDA:62,10,1,6
BRF:22
BRH:20
end_of_record
