TN:
SF:src\add.js
FN:16,(anonymous_0)
FNF:1
FNH:1
FNDA:24,(anonymous_0)
DA:16,24
LF:1
LH:1
BRF:0
BRH:0
end_of_record
TN:
SF:src\at.js
FN:19,(anonymous_0)
FNF:1
FNH:0
FNDA:0,(anonymous_0)
DA:19,0
LF:1
LH:0
BRF:0
BRH:0
end_of_record
TN:
SF:src\camelCase.js
FN:24,(anonymous_0)
FN:25,(anonymous_1)
FNF:2
FNH:0
FNDA:0,(anonymous_0)
FNDA:0,(anonymous_1)
DA:24,0
DA:25,0
DA:26,0
DA:27,0
LF:4
LH:0
BRDA:27,0,0,0
BRDA:27,0,1,0
BRF:2
BRH:0
end_of_record
TN:
SF:src\capitalize.js
FN:17,(anonymous_0)
FNF:1
FNH:1
FNDA:14,(anonymous_0)
DA:17,14
LF:1
LH:1
BRF:0
BRH:0
end_of_record
TN:
SF:src\castArray.js
FN:33,castArray
FNF:1
FNH:0
FNDA:0,castArray
DA:34,0
DA:35,0
LF:2
LH:0
BRDA:35,0,0,0
BRDA:35,0,1,0
BRF:2
BRH:0
end_of_record
TN:
SF:src\ceil.js
FNF:0
FNH:0
DA:22,1
LF:1
LH:1
BRF:0
BRH:0
end_of_record
TN:
SF:src\chunk.js
FN:22,chunk
FNF:1
FNH:0
FNDA:0,chunk
DA:23,0
DA:24,0
DA:25,0
DA:26,0
DA:28,0
DA:29,0
DA:30,0
DA:32,0
DA:33,0
DA:35,0
LF:10
LH:0
BRDA:22,0,0,0
BRDA:24,1,0,0
BRDA:24,1,1,0
BRDA:25,2,0,0
BRDA:25,2,1,0
BRDA:25,3,0,0
BRDA:25,3,1,0
BRF:7
BRH:0
end_of_record
TN:
SF:src\clamp.js
FN:18,clamp
FNF:1
FNH:1
FNDA:8,clamp
DA:19,8
DA:20,8
DA:21,8
DA:22,8
DA:23,8
DA:24,8
DA:25,7
DA:26,7
DA:28,8
LF:9
LH:9
BRDA:22,0,0,8
BRDA:22,0,1,0
BRDA:23,1,0,8
BRDA:23,1,1,0
BRDA:24,2,0,7
BRDA:24,2,1,1
BRDA:25,3,0,3
BRDA:25,3,1,4
BRDA:26,4,0,0
BRDA:26,4,1,7
BRF:10
BRH:7
end_of_record
TN:
SF:src\compact.js
FN:14,compact
FNF:1
FNH:0
FNDA:0,compact
DA:15,0
DA:16,0
DA:18,0
DA:19,0
DA:20,0
DA:23,0
LF:6
LH:0
BRDA:19,0,0,0
BRDA:19,0,1,0
BRF:2
BRH:0
end_of_record
TN:
SF:src\countBy.js
FN:29,countBy
FN:30,(anonymous_1)
FNF:2
FNH:0
FNDA:0,countBy
FNDA:0,(anonymous_1)
DA:5,0
DA:30,0
DA:31,0
DA:32,0
DA:33,0
DA:35,0
DA:37,0
LF:7
LH:0
BRDA:32,0,0,0
BRDA:32,0,1,0
BRF:2
BRH:0
end_of_record
TN:
SF:src\defaultTo.js
FN:19,defaultTo
FNF:1
FNH:1
FNDA:17,defaultTo
DA:20,17
LF:1
LH:1
BRDA:20,0,0,5
BRDA:20,0,1,12
BRF:2
BRH:2
end_of_record
TN:
SF:src\defaultToAny.js
FN:28,defaultToAny
FNF:1
FNH:1
FNDA:10,defaultToAny
DA:29,10
LF:1
LH:1
BRF:0
BRH:0
end_of_record
TN:
SF:src\difference.js
FN:24,difference
FNF:1
FNH:0
FNDA:0,difference
DA:25,0
LF:1
LH:0
BRDA:25,0,0,0
BRDA:25,0,1,0
BRF:2
BRH:0
end_of_record
TN:
SF:src\divide.js
FN:16,(anonymous_0)
FNF:1
FNH:0
FNDA:0,(anonymous_0)
DA:16,0
LF:1
LH:0
BRF:0
BRH:0
end_of_record
TN:
SF:src\drop.js
FN:26,drop
FNF:1
FNH:0
FNDA:0,drop
DA:27,0
DA:28,0
LF:2
LH:0
BRDA:26,0,0,0
BRDA:27,1,0,0
BRDA:27,1,1,0
BRDA:28,2,0,0
BRDA:28,2,1,0
BRDA:29,3,0,0
BRDA:29,3,1,0
BRF:7
BRH:0
end_of_record
TN:
SF:src\endsWith.js
FN:23,endsWith
FNF:1
FNH:0
FNDA:0,endsWith
DA:24,0
DA:25,0
DA:26,0
DA:27,0
DA:29,0
DA:30,0
DA:32,0
DA:33,0
DA:34,0
LF:9
LH:0
BRDA:25,0,0,0
BRDA:25,0,1,0
BRDA:26,1,0,0
BRDA:26,1,1,0
BRDA:26,2,0,0
BRDA:26,2,1,0
BRDA:29,3,0,0
BRDA:29,3,1,0
BRDA:34,4,0,0
BRDA:34,4,1,0
BRF:10
BRH:0
end_of_record
TN:
SF:src\eq.js
FN:31,eq
FNF:1
FNH:1
FNDA:18,eq
DA:32,18
LF:1
LH:1
BRDA:32,0,0,18
BRDA:32,0,1,8
BRDA:32,0,2,1
BRF:3
BRH:3
end_of_record
TN:
SF:src\every.js
FN:22,every
FNF:1
FNH:0
FNDA:0,every
DA:23,0
DA:24,0
DA:26,0
DA:27,0
DA:28,0
DA:31,0
LF:6
LH:0
BRDA:24,0,0,0
BRDA:24,0,1,0
BRDA:27,1,0,0
BRDA:27,1,1,0
BRF:4
BRH:0
end_of_record
TN:
SF:src\filter.js
FN:24,filter
FNF:1
FNH:1
FNDA:8,filter
DA:25,8
DA:26,8
DA:27,8
DA:28,8
DA:30,8
DA:31,18
DA:32,18
DA:33,10
DA:36,8
LF:9
LH:9
BRDA:27,0,0,2
BRDA:27,0,1,6
BRDA:32,1,0,10
BRDA:32,1,1,8
BRF:4
BRH:4
end_of_record
TN:
SF:src\get.js
FN:27,get
FNF:1
FNH:0
FNDA:0,get
DA:28,0
DA:29,0
LF:2
LH:0
BRDA:28,0,0,0
BRDA:28,0,1,0
BRDA:29,1,0,0
BRDA:29,1,1,0
BRF:4
BRH:0
end_of_record
TN:
SF:src\isArguments.js
FN:19,isArguments
FNF:1
FNH:1
FNDA:2,isArguments
DA:20,2
LF:1
LH:1
BRDA:20,0,0,2
BRDA:20,0,1,2
BRF:2
BRH:2
end_of_record
TN:
SF:src\isArrayLike.js
FN:26,isArrayLike
FNF:1
FNH:1
FNDA:23,isArrayLike
DA:27,23
LF:1
LH:1
BRDA:27,0,0,23
BRDA:27,0,1,23
BRDA:27,0,2,23
BRF:3
BRH:3
end_of_record
TN:
SF:src\isArrayLikeObject.js
FN:27,isArrayLikeObject
FNF:1
FNH:0
FNDA:0,isArrayLikeObject
DA:28,0
LF:1
LH:0
BRDA:28,0,0,0
BRDA:28,0,1,0
BRF:2
BRH:0
end_of_record
TN:
SF:src\isBoolean.js
FN:19,isBoolean
FNF:1
FNH:0
FNDA:0,isBoolean
DA:20,0
LF:1
LH:0
BRDA:20,0,0,0
BRDA:20,0,1,0
BRDA:20,0,2,0
BRDA:20,0,3,0
BRF:4
BRH:0
end_of_record
TN:
SF:src\isBuffer.js
FN:33,(anonymous_0)
FNF:1
FNH:0
FNDA:0,(anonymous_0)
DA:4,2
DA:7,2
DA:10,2
DA:13,2
DA:16,2
DA:33,2
LF:6
LH:6
BRDA:4,0,0,2
BRDA:4,0,1,2
BRDA:4,0,2,2
BRDA:4,0,3,2
BRDA:7,1,0,2
BRDA:7,1,1,2
BRDA:7,1,2,2
BRDA:7,1,3,2
BRDA:7,1,4,2
BRDA:10,2,0,2
BRDA:10,2,1,2
BRDA:13,3,0,2
BRDA:13,3,1,0
BRDA:16,4,0,2
BRDA:16,4,1,0
BRDA:33,5,0,2
BRDA:33,5,1,0
BRF:17
BRH:14
end_of_record
TN:
SF:src\isDate.js
FN:24,(anonymous_0)
FN:25,(anonymous_1)
FNF:2
FNH:0
FNDA:0,(anonymous_0)
FNDA:0,(anonymous_1)
DA:6,0
DA:23,0
DA:24,0
DA:25,0
LF:4
LH:0
BRDA:6,0,0,0
BRDA:6,0,1,0
BRDA:23,1,0,0
BRDA:23,1,1,0
BRDA:25,2,0,0
BRDA:25,2,1,0
BRF:6
BRH:0
end_of_record
TN:
SF:src\isEmpty.js
FN:45,isEmpty
FNF:1
FNH:1
FNDA:21,isEmpty
DA:9,1
DA:46,21
DA:47,2
DA:49,19
DA:52,8
DA:54,11
DA:55,11
DA:56,4
DA:58,7
DA:59,1
DA:61,6
DA:62,1
DA:63,1
DA:66,5
LF:14
LH:14
BRDA:46,0,0,2
BRDA:46,0,1,19
BRDA:49,1,0,8
BRDA:49,1,1,11
BRDA:49,2,0,19
BRDA:49,2,1,8
BRDA:49,2,2,6
BRDA:49,2,3,4
BRDA:49,2,4,4
BRDA:49,2,5,4
BRDA:49,2,6,2
BRDA:55,3,0,4
BRDA:55,3,1,7
BRDA:55,4,0,11
BRDA:55,4,1,9
BRDA:58,5,0,1
BRDA:58,5,1,6
BRDA:62,6,0,1
BRDA:62,6,1,0
BRF:19
BRH:18
end_of_record
TN:
SF:src\isLength.js
FN:28,isLength
FNF:1
FNH:1
FNDA:23,isLength
DA:2,2
DA:29,23
LF:2
LH:2
BRDA:29,0,0,23
BRDA:29,0,1,8
BRDA:29,0,2,8
BRDA:29,0,3,8
BRF:4
BRH:4
end_of_record
TN:
SF:src\isObject.js
FN:24,isObject
FNF:1
FNH:1
FNDA:20,isObject
DA:25,20
DA:26,20
LF:2
LH:2
BRDA:26,0,0,20
BRDA:26,0,1,18
BRDA:26,0,2,13
BRF:3
BRH:3
end_of_record
TN:
SF:src\isObjectLike.js
FN:23,isObjectLike
FNF:1
FNH:1
FNDA:2,isObjectLike
DA:24,2
LF:1
LH:1
BRDA:24,0,0,2
BRDA:24,0,1,2
BRF:2
BRH:2
end_of_record
TN:
SF:src\isSymbol.js
FN:18,isSymbol
FNF:1
FNH:1
FNDA:32,isSymbol
DA:19,32
DA:20,32
LF:2
LH:2
BRDA:20,0,0,32
BRDA:20,0,1,31
BRDA:20,0,2,8
BRDA:20,0,3,4
BRF:4
BRH:4
end_of_record
TN:
SF:src\isTypedArray.js
FN:27,(anonymous_0)
FN:28,(anonymous_1)
FNF:2
FNH:1
FNDA:4,(anonymous_0)
FNDA:0,(anonymous_1)
DA:6,2
DA:9,2
DA:26,2
DA:27,4
DA:28,0
LF:5
LH:4
BRDA:9,0,0,2
BRDA:9,0,1,2
BRDA:26,1,0,2
BRDA:26,1,1,0
BRDA:28,2,0,0
BRDA:28,2,1,0
BRF:6
BRH:3
end_of_record
TN:
SF:src\keys.js
FN:31,keys
FNF:1
FNH:1
FNDA:2,keys
DA:32,2
LF:1
LH:1
BRDA:32,0,0,0
BRDA:32,0,1,2
BRF:2
BRH:1
end_of_record
TN:
SF:src\map.js
FN:19,map
FNF:1
FNH:0
FNDA:0,map
DA:20,0
DA:21,0
DA:22,0
DA:24,0
DA:25,0
DA:27,0
LF:6
LH:0
BRDA:21,0,0,0
BRDA:21,0,1,0
BRF:2
BRH:0
end_of_record
TN:
SF:src\memoize.js
FN:43,memoize
FN:47,(anonymous_1)
FNF:2
FNH:0
FNDA:0,memoize
FNDA:0,(anonymous_1)
DA:44,0
DA:45,0
DA:47,0
DA:48,0
DA:49,0
DA:51,0
DA:52,0
DA:54,0
DA:55,0
DA:56,0
DA:58,0
DA:59,0
DA:62,0
LF:13
LH:0
BRDA:44,0,0,0
BRDA:44,0,1,0
BRDA:44,1,0,0
BRDA:44,1,1,0
BRDA:44,1,2,0
BRDA:48,2,0,0
BRDA:48,2,1,0
BRDA:51,3,0,0
BRDA:51,3,1,0
BRDA:55,4,0,0
BRDA:55,4,1,0
BRDA:58,5,0,0
BRDA:58,5,1,0
BRF:13
BRH:0
end_of_record
TN:
SF:src\reduce.js
FN:38,reduce
FNF:1
FNH:1
FNDA:10,reduce
DA:39,10
DA:40,10
DA:41,10
LF:3
LH:3
BRDA:39,0,0,8
BRDA:39,0,1,2
BRF:2
BRH:2
end_of_record
TN:
SF:src\slice.js
FN:21,slice
FNF:1
FNH:0
FNDA:0,slice
DA:22,0
DA:23,0
DA:24,0
DA:26,0
DA:27,0
DA:29,0
DA:30,0
DA:32,0
DA:33,0
DA:35,0
DA:36,0
DA:38,0
DA:39,0
DA:40,0
DA:41,0
DA:43,0
LF:16
LH:0
BRDA:22,0,0,0
BRDA:22,0,1,0
BRDA:23,1,0,0
BRDA:23,1,1,0
BRDA:26,2,0,0
BRDA:26,2,1,0
BRDA:27,3,0,0
BRDA:27,3,1,0
BRDA:29,4,0,0
BRDA:29,4,1,0
BRDA:30,5,0,0
BRDA:30,5,1,0
BRDA:32,6,0,0
BRDA:32,6,1,0
BRDA:35,7,0,0
BRDA:35,7,1,0
BRF:16
BRH:0
end_of_record
TN:
SF:src\toFinite.js
FN:28,toFinite
FNF:1
FNH:0
FNDA:0,toFinite
DA:4,0
DA:5,0
DA:29,0
DA:30,0
DA:32,0
DA:33,0
DA:34,0
DA:35,0
DA:37,0
LF:9
LH:0
BRDA:29,0,0,0
BRDA:29,0,1,0
BRDA:30,1,0,0
BRDA:30,1,1,0
BRDA:33,2,0,0
BRDA:33,2,1,0
BRDA:33,3,0,0
BRDA:33,3,1,0
BRDA:34,4,0,0
BRDA:34,4,1,0
BRDA:37,5,0,0
BRDA:37,5,1,0
BRF:12
BRH:0
end_of_record
TN:
SF:src\toInteger.js
FN:28,toInteger
FNF:1
FNH:0
FNDA:0,toInteger
DA:29,0
DA:30,0
DA:32,0
LF:3
LH:0
BRDA:32,0,0,0
BRDA:32,0,1,0
BRF:2
BRH:0
end_of_record
TN:
SF:src\toNumber.js
FN:44,toNumber
FNF:1
FNH:1
FNDA:20,toNumber
DA:5,1
DA:8,1
DA:11,1
DA:14,1
DA:17,1
DA:20,1
DA:45,20
DA:46,2
DA:48,18
DA:49,1
DA:51,17
DA:52,3
DA:53,3
DA:55,17
DA:56,5
DA:58,12
DA:59,12
DA:60,12
LF:18
LH:18
BRDA:45,0,0,2
BRDA:45,0,1,18
BRDA:48,1,0,1
BRDA:48,1,1,17
BRDA:51,2,0,3
BRDA:51,2,1,14
BRDA:52,3,0,3
BRDA:52,3,1,0
BRDA:53,4,0,2
BRDA:53,4,1,1
BRDA:55,5,0,5
BRDA:55,5,1,12
BRDA:56,6,0,0
BRDA:56,6,1,5
BRDA:60,7,0,4
BRDA:60,7,1,8
BRDA:60,8,0,12
BRDA:60,8,1,10
BRDA:61,9,0,2
BRDA:61,9,1,2
BRDA:62,10,0,2
BRDA:62,10,1,6
BRF:22
BRH:20
end_of_record
TN:
SF:src\toString.js
FN:25,toString
FN:33,(anonymous_1)
FNF:2
FNH:1
FNDA:14,toString
FNDA:0,(anonymous_1)
DA:4,1
DA:28,14
DA:29,9
DA:31,5
DA:33,0
DA:35,5
DA:36,0
DA:38,5
DA:39,5
LF:9
LH:7
BRDA:28,0,0,9
BRDA:28,0,1,5
BRDA:31,1,0,0
BRDA:31,1,1,5
BRDA:33,2,0,0
BRDA:33,2,1,0
BRDA:35,3,0,0
BRDA:35,3,1,5
BRDA:39,4,0,0
BRDA:39,4,1,5
BRDA:39,5,0,5
BRDA:39,5,1,0
BRF:12
BRH:6
end_of_record
TN:
SF:src\upperFirst.js
FNF:0
FNH:0
DA:19,1
LF:1
LH:1
BRF:0
BRH:0
end_of_record
TN:
SF:src\words.js
FN:10,asciiWords
FN:30,words
FNF:2
FNH:0
FNDA:0,asciiWords
FNDA:0,words
DA:3,0
DA:8,0
DA:11,0
DA:31,0
DA:32,0
DA:33,0
DA:35,0
LF:7
LH:0
BRDA:31,0,0,0
BRDA:31,0,1,0
BRDA:32,1,0,0
BRDA:32,1,1,0
BRDA:33,2,0,0
BRDA:33,2,1,0
BRDA:35,3,0,0
BRDA:35,3,1,0
BRF:8
BRH:0
end_of_record
